*** Using Compiler 'V5.06 update 7 (build 960)', folder: 'D:\Keil_v5\ARM\ARMCC\Bin'
Rebuild target 'LED'
assembling startup_stm32f103xe.s...
compiling stm32f1xx_hal_cortex.c...
compiling stm32f1xx_hal_gpio_ex.c...
compiling stm32f1xx_hal_gpio.c...
compiling stm32f1xx_hal_msp.c...
compiling stm32f1xx_hal.c...
compiling stm32f1xx_hal_dma.c...
compiling freertos.c...
compiling stm32f1xx_it.c...
compiling stm32f1xx_hal_rcc_ex.c...
compiling croutine.c...
compiling event_groups.c...
compiling stm32f1xx_hal_rcc.c...
compiling list.c...
compiling main.c...
compiling queue.c...
compiling stream_buffer.c...
compiling timers.c...
compiling tasks.c...
compiling heap_4.c...
compiling cmsis_os.c...
compiling port.c...
compiling system_stm32f1xx.c...
compiling stm32f1xx_hal_flash.c...
compiling stm32f1xx_hal_flash_ex.c...
compiling stm32f1xx_hal_pwr.c...
compiling stm32f1xx_hal_tim_ex.c...
compiling stm32f1xx_hal_exti.c...
compiling stm32f1xx_hal_tim.c...
compiling stm32f1xx_hal_uart.c...
linking...
Program Size: Code=6324 RO-data=460 RW-data=120 ZI-data=5616  
FromELF: creating hex file...
"LED\LED.axf" - 0 Error(s), 0 Warning(s).
Build Time Elapsed:  00:00:08
